# JRE version: Java(TM) SE Runtime Environment (8.0_05-b13) (build 1.8.0_05-b13)
# Java VM: Java HotSpot(TM) 64-Bit Server VM (25.5-b02 mixed mode windows-amd64 compressed oops)
Heap:
 PSYoungGen      total 66048K, used 11910K [0x00000000eab00000, 0x00000000ef800000, 0x0000000100000000)
  eden space 54272K, 14% used [0x00000000eab00000,0x00000000eb2801c0,0x00000000ee000000)
  from space 11776K, 35% used [0x00000000eec80000,0x00000000ef0a17b8,0x00000000ef800000)
  to   space 12288K, 0% used [0x00000000ee000000,0x00000000ee000000,0x00000000eec00000)
 ParOldGen       total 59392K, used 48080K [0x00000000c0000000, 0x00000000c3a00000, 0x00000000eab00000)
  object space 59392K, 80% used [0x00000000c0000000,0x00000000c2ef41f8,0x00000000c3a00000)
 Metaspace       used 55261K, capacity 60980K, committed 61184K, reserved 1101824K
  class space    used 7596K, capacity 9124K, committed 9216K, reserved 1048576K
GC Heap History (10 events):
Event: 20300.528 GC heap before
{Heap before GC invocations=116 (full 15):
 PSYoungGen      total 64512K, used 61345K [0x00000000eab00000, 0x00000000ef900000, 0x0000000100000000)
  eden space 52224K, 100% used [0x00000000eab00000,0x00000000ede00000,0x00000000ede00000)
  from space 12288K, 74% used [0x00000000eeb00000,0x00000000ef3e87b0,0x00000000ef700000)
  to   space 13312K, 0% used [0x00000000ede00000,0x00000000ede00000,0x00000000eeb00000)
 ParOldGen       total 59392K, used 44895K [0x00000000c0000000, 0x00000000c3a00000, 0x00000000eab00000)
  object space 59392K, 75% used [0x00000000c0000000,0x00000000c2bd7f30,0x00000000c3a00000)
 Metaspace       used 55093K, capacity 60670K, committed 60928K, reserved 1101824K
  class space    used 7573K, capacity 9068K, committed 9216K, reserved 1048576K
Event: 20300.536 GC heap after
Heap after GC invocations=116 (full 15):
 PSYoungGen      total 65536K, used 5809K [0x00000000eab00000, 0x00000000ef800000, 0x0000000100000000)
  eden space 52224K, 0% used [0x00000000eab00000,0x00000000eab00000,0x00000000ede00000)
  from space 13312K, 43% used [0x00000000ede00000,0x00000000ee3ac568,0x00000000eeb00000)
  to   space 12800K, 0% used [0x00000000eeb80000,0x00000000eeb80000,0x00000000ef800000)
 ParOldGen       total 59392K, used 44903K [0x00000000c0000000, 0x00000000c3a00000, 0x00000000eab00000)
  object space 59392K, 75% used [0x00000000c0000000,0x00000000c2bd9f30,0x00000000c3a00000)
 Metaspace       used 55093K, capacity 60670K, committed 60928K, reserved 1101824K
  class space    used 7573K, capacity 9068K, committed 9216K, reserved 1048576K
}
Event: 20301.038 GC heap before
{Heap before GC invocations=117 (full 15):
 PSYoungGen      total 65536K, used 58033K [0x00000000eab00000, 0x00000000ef800000, 0x0000000100000000)
  eden space 52224K, 100% used [0x00000000eab00000,0x00000000ede00000,0x00000000ede00000)
  from space 13312K, 43% used [0x00000000ede00000,0x00000000ee3ac568,0x00000000eeb00000)
  to   space 12800K, 0% used [0x00000000eeb80000,0x00000000eeb80000,0x00000000ef800000)
 ParOldGen       total 59392K, used 44903K [0x00000000c0000000, 0x00000000c3a00000, 0x00000000eab00000)
  object space 59392K, 75% used [0x00000000c0000000,0x00000000c2bd9f30,0x00000000c3a00000)
 Metaspace       used 55146K, capacity 60742K, committed 60928K, reserved 1101824K
  class space    used 7580K, capacity 9080K, committed 9216K, reserved 1048576K
Event: 20301.055 GC heap after
Heap after GC invocations=117 (full 15):
 PSYoungGen      total 65536K, used 8756K [0x00000000eab00000, 0x00000000efa00000, 0x0000000100000000)
  eden space 52736K, 0% used [0x00000000eab00000,0x00000000eab00000,0x00000000ede80000)
  from space 12800K, 68% used [0x00000000eeb80000,0x00000000ef40d288,0x00000000ef800000)
  to   space 13312K, 0% used [0x00000000ede80000,0x00000000ede80000,0x00000000eeb80000)
 ParOldGen       total 59392K, used 44903K [0x00000000c0000000, 0x00000000c3a00000, 0x00000000eab00000)
  object space 59392K, 75% used [0x00000000c0000000,0x00000000c2bd9f30,0x00000000c3a00000)
 Metaspace       used 55146K, capacity 60742K, committed 60928K, reserved 1101824K
  class space    used 7580K, capacity 9080K, committed 9216K, reserved 1048576K
}
Event: 20301.204 GC heap before
{Heap before GC invocations=118 (full 15):
 PSYoungGen      total 65536K, used 12430K [0x00000000eab00000, 0x00000000efa00000, 0x0000000100000000)
  eden space 52736K, 6% used [0x00000000eab00000,0x00000000eae968e8,0x00000000ede80000)
  from space 12800K, 68% used [0x00000000eeb80000,0x00000000ef40d288,0x00000000ef800000)
  to   space 13312K, 0% used [0x00000000ede80000,0x00000000ede80000,0x00000000eeb80000)
 ParOldGen       total 59392K, used 44903K [0x00000000c0000000, 0x00000000c3a00000, 0x00000000eab00000)
  object space 59392K, 75% used [0x00000000c0000000,0x00000000c2bd9f30,0x00000000c3a00000)
 Metaspace       used 55152K, capacity 60754K, committed 60928K, reserved 1101824K
  class space    used 7581K, capacity 9082K, committed 9216K, reserved 1048576K
Event: 20301.212 GC heap after
Heap after GC invocations=118 (full 15):
 PSYoungGen      total 66048K, used 3648K [0x00000000eab00000, 0x00000000ef900000, 0x0000000100000000)
  eden space 52736K, 0% used [0x00000000eab00000,0x00000000eab00000,0x00000000ede80000)
  from space 13312K, 27% used [0x00000000ede80000,0x00000000ee210020,0x00000000eeb80000)
  to   space 12800K, 0% used [0x00000000eec80000,0x00000000eec80000,0x00000000ef900000)
 ParOldGen       total 59392K, used 44903K [0x00000000c0000000, 0x00000000c3a00000, 0x00000000eab00000)
  object space 59392K, 75% used [0x00000000c0000000,0x00000000c2bd9f30,0x00000000c3a00000)
 Metaspace       used 55152K, capacity 60754K, committed 60928K, reserved 1101824K
  class space    used 7581K, capacity 9082K, committed 9216K, reserved 1048576K
}
Event: 20301.212 GC heap before
{Heap before GC invocations=119 (full 16):
 PSYoungGen      total 66048K, used 3648K [0x00000000eab00000, 0x00000000ef900000, 0x0000000100000000)
  eden space 52736K, 0% used [0x00000000eab00000,0x00000000eab00000,0x00000000ede80000)
  from space 13312K, 27% used [0x00000000ede80000,0x00000000ee210020,0x00000000eeb80000)
  to   space 12800K, 0% used [0x00000000eec80000,0x00000000eec80000,0x00000000ef900000)
 ParOldGen       total 59392K, used 44903K [0x00000000c0000000, 0x00000000c3a00000, 0x00000000eab00000)
  object space 59392K, 75% used [0x00000000c0000000,0x00000000c2bd9f30,0x00000000c3a00000)
 Metaspace       used 55152K, capacity 60754K, committed 60928K, reserved 1101824K
  class space    used 7581K, capacity 9082K, committed 9216K, reserved 1048576K
Event: 20301.859 GC heap after
Heap after GC invocations=119 (full 16):
 PSYoungGen      total 66048K, used 0K [0x00000000eab00000, 0x00000000ef900000, 0x0000000100000000)
  eden space 52736K, 0% used [0x00000000eab00000,0x00000000eab00000,0x00000000ede80000)
  from space 13312K, 0% used [0x00000000ede80000,0x00000000ede80000,0x00000000eeb80000)
  to   space 12800K, 0% used [0x00000000eec80000,0x00000000eec80000,0x00000000ef900000)
 ParOldGen       total 59392K, used 48072K [0x00000000c0000000, 0x00000000c3a00000, 0x00000000eab00000)
  object space 59392K, 80% used [0x00000000c0000000,0x00000000c2ef21f8,0x00000000c3a00000)
 Metaspace       used 55152K, capacity 60754K, committed 60928K, reserved 1101824K
  class space    used 7581K, capacity 9082K, committed 9216K, reserved 1048576K
}
Event: 20378.205 GC heap before
{Heap before GC invocations=120 (full 16):
 PSYoungGen      total 66048K, used 52736K [0x00000000eab00000, 0x00000000ef900000, 0x0000000100000000)
  eden space 52736K, 100% used [0x00000000eab00000,0x00000000ede80000,0x00000000ede80000)
  from space 13312K, 0% used [0x00000000ede80000,0x00000000ede80000,0x00000000eeb80000)
  to   space 12800K, 0% used [0x00000000eec80000,0x00000000eec80000,0x00000000ef900000)
 ParOldGen       total 59392K, used 48072K [0x00000000c0000000, 0x00000000c3a00000, 0x00000000eab00000)
  object space 59392K, 80% used [0x00000000c0000000,0x00000000c2ef21f8,0x00000000c3a00000)
 Metaspace       used 55259K, capacity 60980K, committed 61184K, reserved 1101824K
  class space    used 7596K, capacity 9124K, committed 9216K, reserved 1048576K
Event: 20378.210 GC heap after
Heap after GC invocations=120 (full 16):
 PSYoungGen      total 66048K, used 4229K [0x00000000eab00000, 0x00000000ef800000, 0x0000000100000000)
  eden space 54272K, 0% used [0x00000000eab00000,0x00000000eab00000,0x00000000ee000000)
  from space 11776K, 35% used [0x00000000eec80000,0x00000000ef0a17b8,0x00000000ef800000)
  to   space 12288K, 0% used [0x00000000ee000000,0x00000000ee000000,0x00000000eec00000)
 ParOldGen       total 59392K, used 48080K [0x00000000c0000000, 0x00000000c3a00000, 0x00000000eab00000)
  object space 59392K, 80% used [0x00000000c0000000,0x00000000c2ef41f8,0x00000000c3a00000)
 Metaspace       used 55259K, capacity 60980K, committed 61184K, reserved 1101824K
  class space    used 7596K, capacity 9124K, committed 9216K, reserved 1048576K
}

