# JRE version: Java(TM) SE Runtime Environment (8.0_05-b13) (build 1.8.0_05-b13)
# Java VM: Java HotSpot(TM) 64-Bit Server VM (25.5-b02 mixed mode windows-amd64 compressed oops)
Heap:
 PSYoungGen      total 105472K, used 83002K [0x00000000eab00000, 0x00000000f1f80000, 0x0000000100000000)
  eden space 92672K, 85% used [0x00000000eab00000,0x00000000ef872a80,0x00000000f0580000)
  from space 12800K, 28% used [0x00000000f1300000,0x00000000f169c030,0x00000000f1f80000)
  to   space 13312K, 0% used [0x00000000f0580000,0x00000000f0580000,0x00000000f1280000)
 ParOldGen       total 59392K, used 45821K [0x00000000c0000000, 0x00000000c3a00000, 0x00000000eab00000)
  object space 59392K, 77% used [0x00000000c0000000,0x00000000c2cbf468,0x00000000c3a00000)
 Metaspace       used 62758K, capacity 73598K, committed 73728K, reserved 1112064K
  class space    used 8445K, capacity 11769K, committed 11776K, reserved 1048576K
GC Heap History (10 events):
Event: 74347.558 GC heap before
{Heap before GC invocations=264 (full 54):
 PSYoungGen      total 108032K, used 96469K [0x00000000eab00000, 0x00000000f2500000, 0x0000000100000000)
  eden space 91136K, 100% used [0x00000000eab00000,0x00000000f0400000,0x00000000f0400000)
  from space 16896K, 31% used [0x00000000f0400000,0x00000000f0935448,0x00000000f1480000)
  to   space 16384K, 0% used [0x00000000f1500000,0x00000000f1500000,0x00000000f2500000)
 ParOldGen       total 59392K, used 45821K [0x00000000c0000000, 0x00000000c3a00000, 0x00000000eab00000)
  object space 59392K, 77% used [0x00000000c0000000,0x00000000c2cbf468,0x00000000c3a00000)
 Metaspace       used 61377K, capacity 71366K, committed 71808K, reserved 1110016K
  class space    used 8210K, capacity 11212K, committed 11392K, reserved 1048576K
Event: 74347.562 GC heap after
Heap after GC invocations=264 (full 54):
 PSYoungGen      total 106496K, used 4281K [0x00000000eab00000, 0x00000000f2380000, 0x0000000100000000)
  eden space 91648K, 0% used [0x00000000eab00000,0x00000000eab00000,0x00000000f0480000)
  from space 14848K, 28% used [0x00000000f1500000,0x00000000f192e540,0x00000000f2380000)
  to   space 15872K, 0% used [0x00000000f0480000,0x00000000f0480000,0x00000000f1400000)
 ParOldGen       total 59392K, used 45821K [0x00000000c0000000, 0x00000000c3a00000, 0x00000000eab00000)
  object space 59392K, 77% used [0x00000000c0000000,0x00000000c2cbf468,0x00000000c3a00000)
 Metaspace       used 61377K, capacity 71366K, committed 71808K, reserved 1110016K
  class space    used 8210K, capacity 11212K, committed 11392K, reserved 1048576K
}
Event: 74377.784 GC heap before
{Heap before GC invocations=265 (full 54):
 PSYoungGen      total 106496K, used 95929K [0x00000000eab00000, 0x00000000f2380000, 0x0000000100000000)
  eden space 91648K, 100% used [0x00000000eab00000,0x00000000f0480000,0x00000000f0480000)
  from space 14848K, 28% used [0x00000000f1500000,0x00000000f192e540,0x00000000f2380000)
  to   space 15872K, 0% used [0x00000000f0480000,0x00000000f0480000,0x00000000f1400000)
 ParOldGen       total 59392K, used 45821K [0x00000000c0000000, 0x00000000c3a00000, 0x00000000eab00000)
  object space 59392K, 77% used [0x00000000c0000000,0x00000000c2cbf468,0x00000000c3a00000)
 Metaspace       used 61383K, capacity 71378K, committed 71808K, reserved 1110016K
  class space    used 8211K, capacity 11214K, committed 11392K, reserved 1048576K
Event: 74377.787 GC heap after
Heap after GC invocations=265 (full 54):
 PSYoungGen      total 107520K, used 1661K [0x00000000eab00000, 0x00000000f2300000, 0x0000000100000000)
  eden space 91648K, 0% used [0x00000000eab00000,0x00000000eab00000,0x00000000f0480000)
  from space 15872K, 10% used [0x00000000f0480000,0x00000000f061f558,0x00000000f1400000)
  to   space 15360K, 0% used [0x00000000f1400000,0x00000000f1400000,0x00000000f2300000)
 ParOldGen       total 59392K, used 45821K [0x00000000c0000000, 0x00000000c3a00000, 0x00000000eab00000)
  object space 59392K, 77% used [0x00000000c0000000,0x00000000c2cbf468,0x00000000c3a00000)
 Metaspace       used 61383K, capacity 71378K, committed 71808K, reserved 1110016K
  class space    used 8211K, capacity 11214K, committed 11392K, reserved 1048576K
}
Event: 74380.965 GC heap before
{Heap before GC invocations=266 (full 54):
 PSYoungGen      total 107520K, used 93309K [0x00000000eab00000, 0x00000000f2300000, 0x0000000100000000)
  eden space 91648K, 100% used [0x00000000eab00000,0x00000000f0480000,0x00000000f0480000)
  from space 15872K, 10% used [0x00000000f0480000,0x00000000f061f558,0x00000000f1400000)
  to   space 15360K, 0% used [0x00000000f1400000,0x00000000f1400000,0x00000000f2300000)
 ParOldGen       total 59392K, used 45821K [0x00000000c0000000, 0x00000000c3a00000, 0x00000000eab00000)
  object space 59392K, 77% used [0x00000000c0000000,0x00000000c2cbf468,0x00000000c3a00000)
 Metaspace       used 61517K, capacity 71706K, committed 72064K, reserved 1110016K
  class space    used 8231K, capacity 11288K, committed 11392K, reserved 1048576K
Event: 74380.970 GC heap after
Heap after GC invocations=266 (full 54):
 PSYoungGen      total 106496K, used 5964K [0x00000000eab00000, 0x00000000f2200000, 0x0000000100000000)
  eden space 92160K, 0% used [0x00000000eab00000,0x00000000eab00000,0x00000000f0500000)
  from space 14336K, 41% used [0x00000000f1400000,0x00000000f19d30f0,0x00000000f2200000)
  to   space 14848K, 0% used [0x00000000f0500000,0x00000000f0500000,0x00000000f1380000)
 ParOldGen       total 59392K, used 45821K [0x00000000c0000000, 0x00000000c3a00000, 0x00000000eab00000)
  object space 59392K, 77% used [0x00000000c0000000,0x00000000c2cbf468,0x00000000c3a00000)
 Metaspace       used 61517K, capacity 71706K, committed 72064K, reserved 1110016K
  class space    used 8231K, capacity 11288K, committed 11392K, reserved 1048576K
}
Event: 74397.058 GC heap before
{Heap before GC invocations=267 (full 54):
 PSYoungGen      total 106496K, used 98124K [0x00000000eab00000, 0x00000000f2200000, 0x0000000100000000)
  eden space 92160K, 100% used [0x00000000eab00000,0x00000000f0500000,0x00000000f0500000)
  from space 14336K, 41% used [0x00000000f1400000,0x00000000f19d30f0,0x00000000f2200000)
  to   space 14848K, 0% used [0x00000000f0500000,0x00000000f0500000,0x00000000f1380000)
 ParOldGen       total 59392K, used 45821K [0x00000000c0000000, 0x00000000c3a00000, 0x00000000eab00000)
  object space 59392K, 77% used [0x00000000c0000000,0x00000000c2cbf468,0x00000000c3a00000)
 Metaspace       used 62614K, capacity 73292K, committed 73472K, reserved 1112064K
  class space    used 8421K, capacity 11688K, committed 11776K, reserved 1048576K
Event: 74397.066 GC heap after
Heap after GC invocations=267 (full 54):
 PSYoungGen      total 97280K, used 4753K [0x00000000eab00000, 0x00000000f2080000, 0x0000000100000000)
  eden space 92160K, 0% used [0x00000000eab00000,0x00000000eab00000,0x00000000f0500000)
  from space 5120K, 92% used [0x00000000f0500000,0x00000000f09a4648,0x00000000f0a00000)
  to   space 13824K, 0% used [0x00000000f1300000,0x00000000f1300000,0x00000000f2080000)
 ParOldGen       total 59392K, used 45821K [0x00000000c0000000, 0x00000000c3a00000, 0x00000000eab00000)
  object space 59392K, 77% used [0x00000000c0000000,0x00000000c2cbf468,0x00000000c3a00000)
 Metaspace       used 62614K, capacity 73292K, committed 73472K, reserved 1112064K
  class space    used 8421K, capacity 11688K, committed 11776K, reserved 1048576K
}
Event: 74527.595 GC heap before
{Heap before GC invocations=268 (full 54):
 PSYoungGen      total 97280K, used 96913K [0x00000000eab00000, 0x00000000f2080000, 0x0000000100000000)
  eden space 92160K, 100% used [0x00000000eab00000,0x00000000f0500000,0x00000000f0500000)
  from space 5120K, 92% used [0x00000000f0500000,0x00000000f09a4648,0x00000000f0a00000)
  to   space 13824K, 0% used [0x00000000f1300000,0x00000000f1300000,0x00000000f2080000)
 ParOldGen       total 59392K, used 45821K [0x00000000c0000000, 0x00000000c3a00000, 0x00000000eab00000)
  object space 59392K, 77% used [0x00000000c0000000,0x00000000c2cbf468,0x00000000c3a00000)
 Metaspace       used 62664K, capacity 73322K, committed 73472K, reserved 1112064K
  class space    used 8424K, capacity 11693K, committed 11776K, reserved 1048576K
Event: 74527.602 GC heap after
Heap after GC invocations=268 (full 54):
 PSYoungGen      total 105472K, used 3696K [0x00000000eab00000, 0x00000000f1f80000, 0x0000000100000000)
  eden space 92672K, 0% used [0x00000000eab00000,0x00000000eab00000,0x00000000f0580000)
  from space 12800K, 28% used [0x00000000f1300000,0x00000000f169c030,0x00000000f1f80000)
  to   space 13312K, 0% used [0x00000000f0580000,0x00000000f0580000,0x00000000f1280000)
 ParOldGen       total 59392K, used 45821K [0x00000000c0000000, 0x00000000c3a00000, 0x00000000eab00000)
  object space 59392K, 77% used [0x00000000c0000000,0x00000000c2cbf468,0x00000000c3a00000)
 Metaspace       used 62664K, capacity 73322K, committed 73472K, reserved 1112064K
  class space    used 8424K, capacity 11693K, committed 11776K, reserved 1048576K
}

